<?xml version="1.0" encoding="UTF-8"?>
<!-- Generated by org.testng.reporters.JUnitXMLReporter -->
<testsuite ignored="0" hostname="IN1-1016845LTT" failures="0" tests="3" name="Command line test 0f636670-b3d3-4a45-a10d-a3f771ea8dcf" time="166.264" errors="0" timestamp="2021-12-25T15:33:10 IST">
  <testcase classname="org.testing.TestScripts.TC1" name="YouTube" time="42.156"/>
  <testcase classname="org.testing.TestScripts.TC2" name="YTBestsongs" time="36.797"/>
  <testcase classname="org.testing.TestScripts.TC3" name="YTBestsongs" time="36.429"/>
</testsuite> <!-- Command line test 0f636670-b3d3-4a45-a10d-a3f771ea8dcf -->
